{
  "stats": {
    "suites": 2,
    "tests": 7,
    "passes": 7,
    "pending": 0,
    "failures": 0,
    "start": "2018-10-30T15:01:20.296Z",
    "end": "2018-10-30T15:01:59.505Z",
    "duration": 39209,
    "testsRegistered": 7,
    "passPercent": 100,
    "pendingPercent": 0,
    "other": 0,
    "hasOther": false,
    "skipped": 0,
    "hasSkipped": false,
    "passPercentClass": "success",
    "pendingPercentClass": "danger"
  },
  "suites": {
    "uuid": "a1a8eb84-4f13-47a0-9f01-32ae033b024c",
    "title": "",
    "fullFile": "",
    "file": "",
    "beforeHooks": [],
    "afterHooks": [],
    "tests": [],
    "suites": [
      {
        "uuid": "faff9d9b-dc9e-48ba-908e-945499db4ec7",
        "title": "OpenBank Public Website",
        "fullFile": "",
        "file": "",
        "beforeHooks": [],
        "afterHooks": [],
        "tests": [],
        "suites": [
          {
            "uuid": "60d23f94-e0b7-4041-b16b-c63d78b3c8ca",
            "title": "Check links",
            "fullFile": "",
            "file": "",
            "beforeHooks": [],
            "afterHooks": [],
            "tests": [
              {
                "title": "Cookies Banner",
                "fullTitle": "OpenBank Public Website Check links Cookies Banner",
                "duration": 6798,
                "state": "passed",
                "speed": "slow",
                "pass": true,
                "fail": false,
                "pending": false,
                "code": "cy.get('#cookies-policy');",
                "err": {},
                "isRoot": false,
                "uuid": "8dfd63c5-469a-4220-9d04-e73483f3e118",
                "isHook": false,
                "skipped": false
              },
              {
                "title": "Productos",
                "fullTitle": "OpenBank Public Website Check links Productos",
                "duration": 1375,
                "state": "passed",
                "speed": "slow",
                "pass": true,
                "fail": false,
                "pending": false,
                "code": "cy.get('nav').contains('Productos').click();\ncy.get('nav').contains('Cuentas').click();\ncy.get('nav').contains('Cuentas para tus gestiones');\ncy.get('nav').contains('Cuentas de Ahorro');\ncy.get('nav').contains('Tarjetas').click();\ncy.get('nav').contains('Tarjetas de Débito y Crédito');\ncy.get('nav').contains('Financiación').click();\ncy.get('nav').contains('Hipotecas Open');\ncy.get('nav').contains('Préstamos y Créditos');\ncy.get('nav').contains('Depósitos').click();\ncy.get('nav').contains('Depósito Open 13 meses');\ncy.get('nav').contains('Openbank Wealth').click();\ncy.get('nav').contains('Invertimos por ti');\ncy.get('nav').contains('Tú inviertes');\ncy.get('nav').contains('Herramientas de Inversión');",
                "err": {},
                "isRoot": false,
                "uuid": "fa4955b0-d2c6-4443-a5ef-ad603f5be7d1",
                "isHook": false,
                "skipped": false
              },
              {
                "title": "Promociones y descuentos",
                "fullTitle": "OpenBank Public Website Check links Promociones y descuentos",
                "duration": 290,
                "state": "passed",
                "speed": "slow",
                "pass": true,
                "fail": false,
                "pending": false,
                "code": "cy.get('nav').contains('Promociones y descuentos').click();\ncy.get('nav').contains('Promociones');\ncy.get('nav').contains('Descuentos Open');",
                "err": {},
                "isRoot": false,
                "uuid": "8126288b-f69a-4a11-801c-0b9df213601a",
                "isHook": false,
                "skipped": false
              },
              {
                "title": "Quienes somos",
                "fullTitle": "OpenBank Public Website Check links Quienes somos",
                "duration": 151,
                "state": "passed",
                "speed": "slow",
                "pass": true,
                "fail": false,
                "pending": false,
                "code": "cy.get('nav').contains('Quiénes somos');",
                "err": {},
                "isRoot": false,
                "uuid": "c16b3edd-3e6c-4850-b7f2-01c5f515d7c7",
                "isHook": false,
                "skipped": false
              },
              {
                "title": "Ayuda Urgente",
                "fullTitle": "OpenBank Public Website Check links Ayuda Urgente",
                "duration": 7005,
                "state": "passed",
                "speed": "slow",
                "pass": true,
                "fail": false,
                "pending": false,
                "code": "cy.get('header').contains('Ayuda Urgente').click();\ncy.location('pathname').should('include', 'ayuda-urgente');\ncy.go('back');",
                "err": {},
                "isRoot": false,
                "uuid": "31f1374c-a4ee-474e-8d3b-84896bfd4237",
                "isHook": false,
                "skipped": false
              },
              {
                "title": "Contactanos",
                "fullTitle": "OpenBank Public Website Check links Contactanos",
                "duration": 9702,
                "state": "passed",
                "speed": "slow",
                "pass": true,
                "fail": false,
                "pending": false,
                "code": "cy.get('header').contains('Contáctanos').click();\ncy.location('pathname').should('include', 'contacto');\ncy.go('back');",
                "err": {},
                "isRoot": false,
                "uuid": "7444b0af-e119-41d6-aa94-98bf8a4c7f5e",
                "isHook": false,
                "skipped": false
              },
              {
                "title": "Preguntas frecuentes",
                "fullTitle": "OpenBank Public Website Check links Preguntas frecuentes",
                "duration": 10723,
                "state": "passed",
                "speed": "slow",
                "pass": true,
                "fail": false,
                "pending": false,
                "code": "cy.get('header').contains('Preguntas Frecuentes').click();\ncy.location('pathname').should('include', 'ayuda/no-cliente');\ncy.go('back');",
                "err": {},
                "isRoot": false,
                "uuid": "261fb81a-bf9e-4afd-b861-3bdc4800fb0f",
                "isHook": false,
                "skipped": false
              }
            ],
            "suites": [],
            "passes": [
              "8dfd63c5-469a-4220-9d04-e73483f3e118",
              "fa4955b0-d2c6-4443-a5ef-ad603f5be7d1",
              "8126288b-f69a-4a11-801c-0b9df213601a",
              "c16b3edd-3e6c-4850-b7f2-01c5f515d7c7",
              "31f1374c-a4ee-474e-8d3b-84896bfd4237",
              "7444b0af-e119-41d6-aa94-98bf8a4c7f5e",
              "261fb81a-bf9e-4afd-b861-3bdc4800fb0f"
            ],
            "failures": [],
            "pending": [],
            "skipped": [],
            "duration": 36044,
            "root": false,
            "rootEmpty": false,
            "_timeout": 2000
          }
        ],
        "passes": [],
        "failures": [],
        "pending": [],
        "skipped": [],
        "duration": 0,
        "root": false,
        "rootEmpty": false,
        "_timeout": 2000
      }
    ],
    "passes": [],
    "failures": [],
    "pending": [],
    "skipped": [],
    "duration": 0,
    "root": true,
    "rootEmpty": true,
    "_timeout": 2000
  },
  "copyrightYear": 2018
}